<?xml version="1.0" encoding="UTF-8"?>
<!-- Generated by org.testng.reporters.JUnitReportReporter -->
<testsuite hostname="localhost" name="j151s.as.TraversalArray" tests="1" failures="0" timestamp="1 Apr 2016 07:38:42 GMT" time="0.011" errors="0">
  <testcase name="testAddDeleteList" time="0.011" classname="j151s.as.TraversalArray"/>
</testsuite> <!-- j151s.as.TraversalArray -->
