<?xml version="1.0" encoding="UTF-8"?>
<!-- Generated by org.testng.reporters.JUnitReportReporter -->
<testsuite hostname="localhost" name="j151s.as.HashMapMem" tests="1" failures="0" timestamp="5 Apr 2016 08:15:12 GMT" time="0.471" errors="0">
  <testcase name="hashMapMem" time="0.471" classname="j151s.as.HashMapMem"/>
</testsuite> <!-- j151s.as.HashMapMem -->
