<?xml version="1.0" encoding="UTF-8"?>
<!-- Generated by org.testng.reporters.JUnitReportReporter -->
<testsuite hostname="yp-tc-m-2933deMacBook-Air.local" name="j151s.mt.ThreadPoolTest" tests="1" failures="0" timestamp="26 Oct 2016 06:23:30 GMT" time="0.035" errors="0">
  <testcase name="singleThreadExxcutor" time="0.035" classname="j151s.mt.ThreadPoolTest"/>
</testsuite> <!-- j151s.mt.ThreadPoolTest -->
