<?xml version="1.0" encoding="UTF-8"?>
<!-- Generated by org.testng.reporters.JUnitReportReporter -->
<testsuite hostname="localhost" name="j151s.mt.AsynCompute" tests="1" failures="0" timestamp="7 Apr 2016 10:37:54 GMT" time="10.036" errors="0">
  <testcase name="testAsynCompute" time="10.036" classname="j151s.mt.AsynCompute"/>
</testsuite> <!-- j151s.mt.AsynCompute -->
