<?xml version="1.0" encoding="UTF-8"?>
<!-- Generated by org.testng.reporters.JUnitReportReporter -->
<testsuite hostname="localhost" name="j151s.as.DataClone" tests="1" failures="0" timestamp="1 Apr 2016 03:56:31 GMT" time="0.011" errors="0">
  <testcase name="testmax" time="0.011" classname="j151s.as.DataClone"/>
</testsuite> <!-- j151s.as.DataClone -->
