<?xml version="1.0" encoding="UTF-8"?>
<!-- Generated by org.testng.reporters.JUnitReportReporter -->
<testsuite hostname="localhost" name="j151s.mt.CyclicBarrierTest" tests="1" failures="0" timestamp="10 Apr 2016 09:55:45 GMT" time="0.012" errors="0">
  <testcase name="cyclicBarrierTest" time="0.012" classname="j151s.mt.CyclicBarrierTest"/>
</testsuite> <!-- j151s.mt.CyclicBarrierTest -->
