<?xml version="1.0" encoding="UTF-8"?>
<!-- Generated by org.testng.reporters.JUnitReportReporter -->
<testsuite hostname="localhost" name="j151s.as.ListOperator" tests="1" failures="0" timestamp="5 Apr 2016 07:39:59 GMT" time="0.012" errors="0">
  <testcase name="removeAllAddAll" time="0.012" classname="j151s.as.ListOperator"/>
</testsuite> <!-- j151s.as.ListOperator -->
