<?xml version="1.0" encoding="UTF-8"?>
<!-- Generated by org.testng.reporters.JUnitReportReporter -->
<testsuite hostname="localhost" name="jvmxn.ch8.SimpleExample" tests="1" failures="0" timestamp="19 Jul 2016 06:36:54 GMT" time="9.447" errors="0">
  <testcase name="warmUpTimeMore" time="9.447" classname="jvmxn.ch8.SimpleExample"/>
</testsuite> <!-- jvmxn.ch8.SimpleExample -->
