<?xml version="1.0" encoding="UTF-8"?>
<!-- Generated by org.testng.reporters.JUnitReportReporter -->
<testsuite hostname="localhost" name="j151s.mt.LockSyncDiff" tests="1" failures="0" timestamp="9 Apr 2016 10:22:14 GMT" time="0.018" errors="0">
  <testcase name="testLockAndSyncDiff" time="0.018" classname="j151s.mt.LockSyncDiff"/>
</testsuite> <!-- j151s.mt.LockSyncDiff -->
