<?xml version="1.0" encoding="UTF-8"?>
<!-- Generated by org.testng.reporters.JUnitReportReporter -->
<testsuite hostname="localhost" name="j151s.as.SubListTest" tests="1" failures="0" timestamp="5 Apr 2016 06:53:51 GMT" time="0.023" errors="0">
  <testcase name="subListSort" time="0.023" classname="j151s.as.SubListTest"/>
</testsuite> <!-- j151s.as.SubListTest -->
