<?xml version="1.0" encoding="UTF-8"?>
<!-- Generated by org.testng.reporters.JUnitReportReporter -->
<testsuite hostname="yp-tc-m-2933deMacBook-Air.local" name="j151s.mt.CountDownLatchTest" tests="1" failures="0" timestamp="10 Apr 2016 07:14:28 GMT" time="0.072" errors="0">
  <testcase name="countDownLatchTest" time="0.072" classname="j151s.mt.CountDownLatchTest"/>
</testsuite> <!-- j151s.mt.CountDownLatchTest -->
